-- The C compiler identification is GNU 11.3.0
-- The CXX compiler identification is GNU 11.3.0
-- Detecting C compiler ABI info
-- Detecting C compiler ABI info - done
-- Check for working C compiler: /usr/bin/cc - skipped
-- Detecting C compile features
-- Detecting C compile features - done
-- Detecting CXX compiler ABI info
-- Detecting CXX compiler ABI info - done
-- Check for working CXX compiler: /usr/bin/c++ - skipped
-- Detecting CXX compile features
-- Detecting CXX compile features - done
-- Found ament_cmake: 1.3.5 (/opt/ros/humble/share/ament_cmake/cmake)
-- Found Python3: /usr/bin/python3.10 (found version "3.10.6") found components: Interpreter 
-- Override CMake install command with custom implementation using symlinks instead of copying resources
-- Found builtin_interfaces: 1.2.1 (/opt/ros/humble/share/builtin_interfaces/cmake)
-- Found rosidl_generator_c: 3.1.4 (/opt/ros/humble/share/rosidl_generator_c/cmake)
-- Found rosidl_adapter: 3.1.4 (/opt/ros/humble/share/rosidl_adapter/cmake)
-- Found rosidl_generator_cpp: 3.1.4 (/opt/ros/humble/share/rosidl_generator_cpp/cmake)
-- Using all available rosidl_typesupport_c: rosidl_typesupport_fastrtps_c;rosidl_typesupport_introspection_c
-- Using all available rosidl_typesupport_cpp: rosidl_typesupport_fastrtps_cpp;rosidl_typesupport_introspection_cpp
-- Found geometry_msgs: 4.2.3 (/opt/ros/humble/share/geometry_msgs/cmake)
-- Found nav_msgs: 4.2.3 (/opt/ros/humble/share/nav_msgs/cmake)
-- Found rclcpp: 16.0.4 (/opt/ros/humble/share/rclcpp/cmake)
-- Found rmw_implementation_cmake: 6.1.1 (/opt/ros/humble/share/rmw_implementation_cmake/cmake)
-- Found rmw_fastrtps_cpp: 6.2.2 (/opt/ros/humble/share/rmw_fastrtps_cpp/cmake)
-- Found OpenSSL: /usr/lib/x86_64-linux-gnu/libcrypto.so (found version "3.0.2")  
-- Found FastRTPS: /opt/ros/humble/include  
-- Using RMW implementation 'rmw_fastrtps_cpp' as default
-- Looking for pthread.h
-- Looking for pthread.h - found
-- Performing Test CMAKE_HAVE_LIBC_PTHREAD
-- Performing Test CMAKE_HAVE_LIBC_PTHREAD - Success
-- Found Threads: TRUE  
-- Found rosidl_default_generators: 1.2.0 (/opt/ros/humble/share/rosidl_default_generators/cmake)
-- Found sensor_msgs: 4.2.3 (/opt/ros/humble/share/sensor_msgs/cmake)
-- Found ament_cmake_ros: 0.10.0 (/opt/ros/humble/share/ament_cmake_ros/cmake)
-- Using all available rosidl_typesupport_c: rosidl_typesupport_fastrtps_c;rosidl_typesupport_introspection_c
-- Using all available rosidl_typesupport_cpp: rosidl_typesupport_fastrtps_cpp;rosidl_typesupport_introspection_cpp
-- Found PythonInterp: /usr/bin/python3 (found suitable version "3.10.6", minimum required is "3.6") 
-- Found python_cmake_module: 0.10.0 (/opt/ros/humble/share/python_cmake_module/cmake)
-- Found PythonLibs: /usr/lib/x86_64-linux-gnu/libpython3.10.so (found suitable version "3.10.6", minimum required is "3.5") 
-- Using PYTHON_EXECUTABLE: /usr/bin/python3
-- Using PYTHON_INCLUDE_DIRS: /usr/include/python3.10
-- Using PYTHON_LIBRARIES: /usr/lib/x86_64-linux-gnu/libpython3.10.so
-- Found PythonExtra: .so  
-- Found ament_lint_auto: 0.12.6 (/opt/ros/humble/share/ament_lint_auto/cmake)
-- Added test 'copyright' to check source files copyright and LICENSE
-- Added test 'cppcheck' to perform static code analysis on C / C++ code
-- Configured cppcheck include dirs: $<BUILD_INTERFACE:/source/ros2_roboclaw_driver/build/ros2_roboclaw_driver/rosidl_generator_c>;$<BUILD_INTERFACE:/source/ros2_roboclaw_driver/build/ros2_roboclaw_driver/rosidl_typesupport_fastrtps_c>;$<BUILD_INTERFACE:/source/ros2_roboclaw_driver/build/ros2_roboclaw_driver/rosidl_generator_cpp>;$<BUILD_INTERFACE:/source/ros2_roboclaw_driver/build/ros2_roboclaw_driver/rosidl_typesupport_fastrtps_cpp>;$<BUILD_INTERFACE:/source/ros2_roboclaw_driver/build/ros2_roboclaw_driver/rosidl_typesupport_introspection_c>;$<BUILD_INTERFACE:/source/ros2_roboclaw_driver/build/ros2_roboclaw_driver/rosidl_typesupport_introspection_cpp>;/source/ros2_roboclaw_driver/build/ros2_roboclaw_driver/rosidl_generator_c;/source/ros2_roboclaw_driver/build/ros2_roboclaw_driver/rosidl_generator_py
-- Configured cppcheck exclude dirs and/or files: 
-- Added test 'cpplint' to check C / C++ code against the Google style
-- Configured cpplint exclude dirs and/or files: 
-- Added test 'flake8' to check Python code syntax and style conventions
-- Added test 'lint_cmake' to check CMake code style
-- Added test 'pep257' to check Python code against some of the docstring style conventions in PEP 257
-- Added test 'uncrustify' to check C / C++ code style
-- Configured uncrustify additional arguments: 
-- Added test 'xmllint' to check XML markup files
-- Configuring done
-- Generating done
-- Build files have been written to: /source/ros2_roboclaw_driver/build/ros2_roboclaw_driver
[  2%] [34m[1mGenerating C code for ROS interfaces[0m
[  4%] [34m[1mGenerating C++ code for ROS interfaces[0m
[  4%] Built target ament_cmake_python_symlink_ros2_roboclaw_driver
running egg_info
creating ros2_roboclaw_driver.egg-info
writing ros2_roboclaw_driver.egg-info/PKG-INFO
writing dependency_links to ros2_roboclaw_driver.egg-info/dependency_links.txt
writing top-level names to ros2_roboclaw_driver.egg-info/top_level.txt
writing manifest file 'ros2_roboclaw_driver.egg-info/SOURCES.txt'
reading manifest file 'ros2_roboclaw_driver.egg-info/SOURCES.txt'
writing manifest file 'ros2_roboclaw_driver.egg-info/SOURCES.txt'
[  4%] Built target ament_cmake_python_build_ros2_roboclaw_driver_egg
[  4%] Built target ros2_roboclaw_driver__cpp
[  6%] [32mBuilding C object CMakeFiles/ros2_roboclaw_driver__rosidl_generator_c.dir/rosidl_generator_c/ros2_roboclaw_driver/msg/detail/robo_claw_status__functions.c.o[0m
[  9%] [32mBuilding C object CMakeFiles/ros2_roboclaw_driver__rosidl_generator_c.dir/rosidl_generator_c/ros2_roboclaw_driver/srv/detail/reset_encoders__functions.c.o[0m
[ 13%] [34m[1mGenerating C++ introspection for ROS interfaces[0m
[ 13%] [34m[1mGenerating C++ type support for eProsima Fast-RTPS[0m
[ 16%] [34m[1mGenerating C++ type support dispatch for ROS interfaces[0m
[ 18%] [32m[1mLinking C shared library libros2_roboclaw_driver__rosidl_generator_c.so[0m
[ 18%] Built target ros2_roboclaw_driver__rosidl_generator_c
[ 20%] [34m[1mGenerating C type support dispatch for ROS interfaces[0m
[ 25%] [34m[1mGenerating C introspection for ROS interfaces[0m
[ 25%] [34m[1mGenerating C type support for eProsima Fast-RTPS[0m
[ 27%] [32mBuilding CXX object CMakeFiles/ros2_roboclaw_driver__rosidl_typesupport_cpp.dir/rosidl_typesupport_cpp/ros2_roboclaw_driver/msg/robo_claw_status__type_support.cpp.o[0m
[ 30%] [32mBuilding CXX object CMakeFiles/ros2_roboclaw_driver__rosidl_typesupport_cpp.dir/rosidl_typesupport_cpp/ros2_roboclaw_driver/srv/reset_encoders__type_support.cpp.o[0m
[ 32%] [32mBuilding CXX object CMakeFiles/ros2_roboclaw_driver__rosidl_typesupport_fastrtps_cpp.dir/rosidl_typesupport_fastrtps_cpp/ros2_roboclaw_driver/msg/detail/dds_fastrtps/robo_claw_status__type_support.cpp.o[0m
[ 34%] [32mBuilding CXX object CMakeFiles/ros2_roboclaw_driver__rosidl_typesupport_fastrtps_cpp.dir/rosidl_typesupport_fastrtps_cpp/ros2_roboclaw_driver/srv/detail/dds_fastrtps/reset_encoders__type_support.cpp.o[0m
[ 37%] [32mBuilding CXX object CMakeFiles/ros2_roboclaw_driver__rosidl_typesupport_introspection_cpp.dir/rosidl_typesupport_introspection_cpp/ros2_roboclaw_driver/msg/detail/robo_claw_status__type_support.cpp.o[0m
[ 39%] [32mBuilding CXX object CMakeFiles/ros2_roboclaw_driver__rosidl_typesupport_c.dir/rosidl_typesupport_c/ros2_roboclaw_driver/msg/robo_claw_status__type_support.cpp.o[0m
[ 41%] [32mBuilding C object CMakeFiles/ros2_roboclaw_driver__rosidl_typesupport_introspection_c.dir/rosidl_typesupport_introspection_c/ros2_roboclaw_driver/msg/detail/robo_claw_status__type_support.c.o[0m
[ 44%] [32mBuilding CXX object CMakeFiles/ros2_roboclaw_driver__rosidl_typesupport_c.dir/rosidl_typesupport_c/ros2_roboclaw_driver/srv/reset_encoders__type_support.cpp.o[0m
[ 46%] [32mBuilding C object CMakeFiles/ros2_roboclaw_driver__rosidl_typesupport_introspection_c.dir/rosidl_typesupport_introspection_c/ros2_roboclaw_driver/srv/detail/reset_encoders__type_support.c.o[0m
[ 48%] [32mBuilding CXX object CMakeFiles/ros2_roboclaw_driver__rosidl_typesupport_fastrtps_c.dir/rosidl_typesupport_fastrtps_c/ros2_roboclaw_driver/msg/detail/robo_claw_status__type_support_c.cpp.o[0m
[ 51%] [32m[1mLinking CXX shared library libros2_roboclaw_driver__rosidl_typesupport_c.so[0m
[ 53%] [32m[1mLinking C shared library libros2_roboclaw_driver__rosidl_typesupport_introspection_c.so[0m
[ 53%] Built target ros2_roboclaw_driver__rosidl_typesupport_c
[ 53%] Built target ros2_roboclaw_driver__rosidl_typesupport_introspection_c
[ 55%] [32mBuilding CXX object CMakeFiles/ros2_roboclaw_driver__rosidl_typesupport_introspection_cpp.dir/rosidl_typesupport_introspection_cpp/ros2_roboclaw_driver/srv/detail/reset_encoders__type_support.cpp.o[0m
[ 58%] [32mBuilding CXX object CMakeFiles/ros2_roboclaw_driver__rosidl_typesupport_fastrtps_c.dir/rosidl_typesupport_fastrtps_c/ros2_roboclaw_driver/srv/detail/reset_encoders__type_support_c.cpp.o[0m
[ 60%] [32m[1mLinking CXX shared library libros2_roboclaw_driver__rosidl_typesupport_cpp.so[0m
[ 60%] Built target ros2_roboclaw_driver__rosidl_typesupport_cpp
[ 62%] [32mBuilding CXX object CMakeFiles/ros2_roboclaw_driver_node.dir/src/motor_driver.cpp.o[0m
[ 65%] [32mBuilding CXX object CMakeFiles/ros2_roboclaw_driver_node.dir/src/motor_driver_node.cpp.o[0m
[ 67%] [32mBuilding CXX object CMakeFiles/ros2_roboclaw_driver_node.dir/src/roboclaw.cpp.o[0m
[ 69%] [32m[1mLinking CXX shared library libros2_roboclaw_driver__rosidl_typesupport_fastrtps_cpp.so[0m
[ 72%] [32m[1mLinking CXX shared library libros2_roboclaw_driver__rosidl_typesupport_fastrtps_c.so[0m
[ 74%] [32m[1mLinking CXX shared library libros2_roboclaw_driver__rosidl_typesupport_introspection_cpp.so[0m
[ 74%] Built target ros2_roboclaw_driver__rosidl_typesupport_fastrtps_cpp
[ 74%] Built target ros2_roboclaw_driver__rosidl_typesupport_fastrtps_c
[ 74%] Built target ros2_roboclaw_driver__rosidl_typesupport_introspection_cpp
[ 74%] Built target ros2_roboclaw_driver
[ 76%] [34m[1mGenerating Python code for ROS interfaces[0m
[ 76%] Built target ros2_roboclaw_driver__py
[ 79%] [32mBuilding C object CMakeFiles/ros2_roboclaw_driver__rosidl_generator_py.dir/rosidl_generator_py/ros2_roboclaw_driver/msg/_robo_claw_status_s.c.o[0m
[ 81%] [32mBuilding C object CMakeFiles/ros2_roboclaw_driver__rosidl_generator_py.dir/rosidl_generator_py/ros2_roboclaw_driver/srv/_reset_encoders_s.c.o[0m
[ 83%] [32m[1mLinking C shared library rosidl_generator_py/ros2_roboclaw_driver/libros2_roboclaw_driver__rosidl_generator_py.so[0m
[ 83%] Built target ros2_roboclaw_driver__rosidl_generator_py
[ 86%] [32mBuilding C object CMakeFiles/ros2_roboclaw_driver__rosidl_typesupport_introspection_c__pyext.dir/rosidl_generator_py/ros2_roboclaw_driver/_ros2_roboclaw_driver_s.ep.rosidl_typesupport_introspection_c.c.o[0m
[ 88%] [32mBuilding C object CMakeFiles/ros2_roboclaw_driver__rosidl_typesupport_c__pyext.dir/rosidl_generator_py/ros2_roboclaw_driver/_ros2_roboclaw_driver_s.ep.rosidl_typesupport_c.c.o[0m
[ 90%] [32mBuilding C object CMakeFiles/ros2_roboclaw_driver__rosidl_typesupport_fastrtps_c__pyext.dir/rosidl_generator_py/ros2_roboclaw_driver/_ros2_roboclaw_driver_s.ep.rosidl_typesupport_fastrtps_c.c.o[0m
[ 93%] [32m[1mLinking C shared library rosidl_generator_py/ros2_roboclaw_driver/ros2_roboclaw_driver_s__rosidl_typesupport_introspection_c.cpython-310-x86_64-linux-gnu.so[0m
[ 95%] [32m[1mLinking C shared library rosidl_generator_py/ros2_roboclaw_driver/ros2_roboclaw_driver_s__rosidl_typesupport_c.cpython-310-x86_64-linux-gnu.so[0m
[ 97%] [32m[1mLinking C shared library rosidl_generator_py/ros2_roboclaw_driver/ros2_roboclaw_driver_s__rosidl_typesupport_fastrtps_c.cpython-310-x86_64-linux-gnu.so[0m
[ 97%] Built target ros2_roboclaw_driver__rosidl_typesupport_introspection_c__pyext
[ 97%] Built target ros2_roboclaw_driver__rosidl_typesupport_c__pyext
[ 97%] Built target ros2_roboclaw_driver__rosidl_typesupport_fastrtps_c__pyext
[100%] [32m[1mLinking CXX executable ros2_roboclaw_driver_node[0m
[100%] Built target ros2_roboclaw_driver_node
-- Install configuration: ""
-- Execute custom install script
-- Symlinking: /source/ros2_roboclaw_driver/install/ros2_roboclaw_driver/share/ament_index/resource_index/rosidl_interfaces/ros2_roboclaw_driver
-- Symlinking: /source/ros2_roboclaw_driver/install/ros2_roboclaw_driver/include/ros2_roboclaw_driver/ros2_roboclaw_driver/msg/detail/robo_claw_status__functions.h
-- Symlinking: /source/ros2_roboclaw_driver/install/ros2_roboclaw_driver/include/ros2_roboclaw_driver/ros2_roboclaw_driver/msg/detail/robo_claw_status__struct.h
-- Symlinking: /source/ros2_roboclaw_driver/install/ros2_roboclaw_driver/include/ros2_roboclaw_driver/ros2_roboclaw_driver/msg/detail/robo_claw_status__type_support.h
-- Symlinking: /source/ros2_roboclaw_driver/install/ros2_roboclaw_driver/include/ros2_roboclaw_driver/ros2_roboclaw_driver/msg/robo_claw_status.h
-- Symlinking: /source/ros2_roboclaw_driver/install/ros2_roboclaw_driver/include/ros2_roboclaw_driver/ros2_roboclaw_driver/msg/rosidl_generator_c__visibility_control.h
-- Symlinking: /source/ros2_roboclaw_driver/install/ros2_roboclaw_driver/include/ros2_roboclaw_driver/ros2_roboclaw_driver/srv/detail/reset_encoders__functions.h
-- Symlinking: /source/ros2_roboclaw_driver/install/ros2_roboclaw_driver/include/ros2_roboclaw_driver/ros2_roboclaw_driver/srv/detail/reset_encoders__struct.h
-- Symlinking: /source/ros2_roboclaw_driver/install/ros2_roboclaw_driver/include/ros2_roboclaw_driver/ros2_roboclaw_driver/srv/detail/reset_encoders__type_support.h
-- Symlinking: /source/ros2_roboclaw_driver/install/ros2_roboclaw_driver/include/ros2_roboclaw_driver/ros2_roboclaw_driver/srv/reset_encoders.h
-- Symlinking: /source/ros2_roboclaw_driver/install/ros2_roboclaw_driver/share/ros2_roboclaw_driver/environment/library_path.sh
-- Symlinking: /source/ros2_roboclaw_driver/install/ros2_roboclaw_driver/share/ros2_roboclaw_driver/environment/library_path.dsv
-- Symlinking: /source/ros2_roboclaw_driver/install/ros2_roboclaw_driver/include/ros2_roboclaw_driver/ros2_roboclaw_driver/msg/detail/robo_claw_status__rosidl_typesupport_fastrtps_c.h
-- Symlinking: /source/ros2_roboclaw_driver/install/ros2_roboclaw_driver/include/ros2_roboclaw_driver/ros2_roboclaw_driver/msg/rosidl_typesupport_fastrtps_c__visibility_control.h
-- Symlinking: /source/ros2_roboclaw_driver/install/ros2_roboclaw_driver/include/ros2_roboclaw_driver/ros2_roboclaw_driver/srv/detail/reset_encoders__rosidl_typesupport_fastrtps_c.h
-- Symlinking: /source/ros2_roboclaw_driver/install/ros2_roboclaw_driver/include/ros2_roboclaw_driver/ros2_roboclaw_driver/msg/detail/robo_claw_status__builder.hpp
-- Symlinking: /source/ros2_roboclaw_driver/install/ros2_roboclaw_driver/include/ros2_roboclaw_driver/ros2_roboclaw_driver/msg/detail/robo_claw_status__struct.hpp
-- Symlinking: /source/ros2_roboclaw_driver/install/ros2_roboclaw_driver/include/ros2_roboclaw_driver/ros2_roboclaw_driver/msg/detail/robo_claw_status__traits.hpp
-- Symlinking: /source/ros2_roboclaw_driver/install/ros2_roboclaw_driver/include/ros2_roboclaw_driver/ros2_roboclaw_driver/msg/robo_claw_status.hpp
-- Symlinking: /source/ros2_roboclaw_driver/install/ros2_roboclaw_driver/include/ros2_roboclaw_driver/ros2_roboclaw_driver/srv/detail/reset_encoders__builder.hpp
-- Symlinking: /source/ros2_roboclaw_driver/install/ros2_roboclaw_driver/include/ros2_roboclaw_driver/ros2_roboclaw_driver/srv/detail/reset_encoders__struct.hpp
-- Symlinking: /source/ros2_roboclaw_driver/install/ros2_roboclaw_driver/include/ros2_roboclaw_driver/ros2_roboclaw_driver/srv/detail/reset_encoders__traits.hpp
-- Symlinking: /source/ros2_roboclaw_driver/install/ros2_roboclaw_driver/include/ros2_roboclaw_driver/ros2_roboclaw_driver/srv/reset_encoders.hpp
-- Symlinking: /source/ros2_roboclaw_driver/install/ros2_roboclaw_driver/include/ros2_roboclaw_driver/ros2_roboclaw_driver/msg/detail/robo_claw_status__rosidl_typesupport_fastrtps_cpp.hpp
-- Symlinking: /source/ros2_roboclaw_driver/install/ros2_roboclaw_driver/include/ros2_roboclaw_driver/ros2_roboclaw_driver/msg/rosidl_typesupport_fastrtps_cpp__visibility_control.h
-- Symlinking: /source/ros2_roboclaw_driver/install/ros2_roboclaw_driver/include/ros2_roboclaw_driver/ros2_roboclaw_driver/srv/detail/reset_encoders__rosidl_typesupport_fastrtps_cpp.hpp
-- Symlinking: /source/ros2_roboclaw_driver/install/ros2_roboclaw_driver/include/ros2_roboclaw_driver/ros2_roboclaw_driver/msg/detail/robo_claw_status__rosidl_typesupport_introspection_c.h
-- Symlinking: /source/ros2_roboclaw_driver/install/ros2_roboclaw_driver/include/ros2_roboclaw_driver/ros2_roboclaw_driver/msg/rosidl_typesupport_introspection_c__visibility_control.h
-- Symlinking: /source/ros2_roboclaw_driver/install/ros2_roboclaw_driver/include/ros2_roboclaw_driver/ros2_roboclaw_driver/srv/detail/reset_encoders__rosidl_typesupport_introspection_c.h
-- Symlinking: /source/ros2_roboclaw_driver/install/ros2_roboclaw_driver/include/ros2_roboclaw_driver/ros2_roboclaw_driver/msg/detail/robo_claw_status__rosidl_typesupport_introspection_cpp.hpp
-- Symlinking: /source/ros2_roboclaw_driver/install/ros2_roboclaw_driver/include/ros2_roboclaw_driver/ros2_roboclaw_driver/srv/detail/reset_encoders__rosidl_typesupport_introspection_cpp.hpp
-- Symlinking: /source/ros2_roboclaw_driver/install/ros2_roboclaw_driver/share/ros2_roboclaw_driver/environment/pythonpath.sh
-- Symlinking: /source/ros2_roboclaw_driver/install/ros2_roboclaw_driver/share/ros2_roboclaw_driver/environment/pythonpath.dsv
-- Symlinking: /source/ros2_roboclaw_driver/install/ros2_roboclaw_driver/local/lib/python3.10/dist-packages/ros2_roboclaw_driver-1.0.0-py3.10.egg-info/PKG-INFO
-- Symlinking: /source/ros2_roboclaw_driver/install/ros2_roboclaw_driver/local/lib/python3.10/dist-packages/ros2_roboclaw_driver-1.0.0-py3.10.egg-info/SOURCES.txt
-- Symlinking: /source/ros2_roboclaw_driver/install/ros2_roboclaw_driver/local/lib/python3.10/dist-packages/ros2_roboclaw_driver-1.0.0-py3.10.egg-info/dependency_links.txt
-- Symlinking: /source/ros2_roboclaw_driver/install/ros2_roboclaw_driver/local/lib/python3.10/dist-packages/ros2_roboclaw_driver-1.0.0-py3.10.egg-info/top_level.txt
-- Symlinking: /source/ros2_roboclaw_driver/install/ros2_roboclaw_driver/local/lib/python3.10/dist-packages/ros2_roboclaw_driver/__init__.py
-- Symlinking: /source/ros2_roboclaw_driver/install/ros2_roboclaw_driver/local/lib/python3.10/dist-packages/ros2_roboclaw_driver/_ros2_roboclaw_driver_s.ep.rosidl_typesupport_c.c
-- Symlinking: /source/ros2_roboclaw_driver/install/ros2_roboclaw_driver/local/lib/python3.10/dist-packages/ros2_roboclaw_driver/_ros2_roboclaw_driver_s.ep.rosidl_typesupport_fastrtps_c.c
-- Symlinking: /source/ros2_roboclaw_driver/install/ros2_roboclaw_driver/local/lib/python3.10/dist-packages/ros2_roboclaw_driver/_ros2_roboclaw_driver_s.ep.rosidl_typesupport_introspection_c.c
-- Symlinking: /source/ros2_roboclaw_driver/install/ros2_roboclaw_driver/local/lib/python3.10/dist-packages/ros2_roboclaw_driver/libros2_roboclaw_driver__rosidl_generator_py.so
-- Symlinking: /source/ros2_roboclaw_driver/install/ros2_roboclaw_driver/local/lib/python3.10/dist-packages/ros2_roboclaw_driver/msg/__init__.py
-- Symlinking: /source/ros2_roboclaw_driver/install/ros2_roboclaw_driver/local/lib/python3.10/dist-packages/ros2_roboclaw_driver/msg/_robo_claw_status.py
-- Symlinking: /source/ros2_roboclaw_driver/install/ros2_roboclaw_driver/local/lib/python3.10/dist-packages/ros2_roboclaw_driver/msg/_robo_claw_status_s.c
-- Symlinking: /source/ros2_roboclaw_driver/install/ros2_roboclaw_driver/local/lib/python3.10/dist-packages/ros2_roboclaw_driver/ros2_roboclaw_driver_s__rosidl_typesupport_c.cpython-310-x86_64-linux-gnu.so
-- Symlinking: /source/ros2_roboclaw_driver/install/ros2_roboclaw_driver/local/lib/python3.10/dist-packages/ros2_roboclaw_driver/ros2_roboclaw_driver_s__rosidl_typesupport_fastrtps_c.cpython-310-x86_64-linux-gnu.so
-- Symlinking: /source/ros2_roboclaw_driver/install/ros2_roboclaw_driver/local/lib/python3.10/dist-packages/ros2_roboclaw_driver/ros2_roboclaw_driver_s__rosidl_typesupport_introspection_c.cpython-310-x86_64-linux-gnu.so
-- Symlinking: /source/ros2_roboclaw_driver/install/ros2_roboclaw_driver/local/lib/python3.10/dist-packages/ros2_roboclaw_driver/srv/__init__.py
-- Symlinking: /source/ros2_roboclaw_driver/install/ros2_roboclaw_driver/local/lib/python3.10/dist-packages/ros2_roboclaw_driver/srv/_reset_encoders.py
-- Symlinking: /source/ros2_roboclaw_driver/install/ros2_roboclaw_driver/local/lib/python3.10/dist-packages/ros2_roboclaw_driver/srv/_reset_encoders_s.c
-- Up-to-date symlink: /source/ros2_roboclaw_driver/install/ros2_roboclaw_driver/local/lib/python3.10/dist-packages/ros2_roboclaw_driver/ros2_roboclaw_driver_s__rosidl_typesupport_fastrtps_c.cpython-310-x86_64-linux-gnu.so
-- Up-to-date symlink: /source/ros2_roboclaw_driver/install/ros2_roboclaw_driver/local/lib/python3.10/dist-packages/ros2_roboclaw_driver/ros2_roboclaw_driver_s__rosidl_typesupport_introspection_c.cpython-310-x86_64-linux-gnu.so
-- Up-to-date symlink: /source/ros2_roboclaw_driver/install/ros2_roboclaw_driver/local/lib/python3.10/dist-packages/ros2_roboclaw_driver/ros2_roboclaw_driver_s__rosidl_typesupport_c.cpython-310-x86_64-linux-gnu.so
-- Symlinking: /source/ros2_roboclaw_driver/install/ros2_roboclaw_driver/share/ros2_roboclaw_driver/msg/RoboClawStatus.idl
-- Symlinking: /source/ros2_roboclaw_driver/install/ros2_roboclaw_driver/share/ros2_roboclaw_driver/srv/ResetEncoders.idl
-- Symlinking: /source/ros2_roboclaw_driver/install/ros2_roboclaw_driver/share/ros2_roboclaw_driver/msg/RoboClawStatus.msg
-- Symlinking: /source/ros2_roboclaw_driver/install/ros2_roboclaw_driver/share/ros2_roboclaw_driver/srv/ResetEncoders.srv
-- Symlinking: /source/ros2_roboclaw_driver/install/ros2_roboclaw_driver/share/ros2_roboclaw_driver/srv/ResetEncoders_Request.msg
-- Symlinking: /source/ros2_roboclaw_driver/install/ros2_roboclaw_driver/share/ros2_roboclaw_driver/srv/ResetEncoders_Response.msg
-- Symlinking: /source/ros2_roboclaw_driver/install/ros2_roboclaw_driver/share/ros2_roboclaw_driver//config/motor_driver.yaml
-- Symlinking: /source/ros2_roboclaw_driver/install/ros2_roboclaw_driver/share/ros2_roboclaw_driver//launch/ros2_roboclaw_driver.launch.py
-- Symlinking: /source/ros2_roboclaw_driver/install/ros2_roboclaw_driver/lib/ros2_roboclaw_driver/ros2_roboclaw_driver_node
-- Symlinking: /source/ros2_roboclaw_driver/install/ros2_roboclaw_driver/share/ament_index/resource_index/package_run_dependencies/ros2_roboclaw_driver
-- Symlinking: /source/ros2_roboclaw_driver/install/ros2_roboclaw_driver/share/ament_index/resource_index/parent_prefix_path/ros2_roboclaw_driver
-- Symlinking: /source/ros2_roboclaw_driver/install/ros2_roboclaw_driver/share/ros2_roboclaw_driver/environment/ament_prefix_path.sh
-- Symlinking: /source/ros2_roboclaw_driver/install/ros2_roboclaw_driver/share/ros2_roboclaw_driver/environment/ament_prefix_path.dsv
-- Symlinking: /source/ros2_roboclaw_driver/install/ros2_roboclaw_driver/share/ros2_roboclaw_driver/environment/path.sh
-- Symlinking: /source/ros2_roboclaw_driver/install/ros2_roboclaw_driver/share/ros2_roboclaw_driver/environment/path.dsv
-- Symlinking: /source/ros2_roboclaw_driver/install/ros2_roboclaw_driver/share/ros2_roboclaw_driver/local_setup.bash
-- Symlinking: /source/ros2_roboclaw_driver/install/ros2_roboclaw_driver/share/ros2_roboclaw_driver/local_setup.sh
-- Symlinking: /source/ros2_roboclaw_driver/install/ros2_roboclaw_driver/share/ros2_roboclaw_driver/local_setup.zsh
-- Symlinking: /source/ros2_roboclaw_driver/install/ros2_roboclaw_driver/share/ros2_roboclaw_driver/local_setup.dsv
-- Symlinking: /source/ros2_roboclaw_driver/install/ros2_roboclaw_driver/share/ros2_roboclaw_driver/package.dsv
-- Symlinking: /source/ros2_roboclaw_driver/install/ros2_roboclaw_driver/share/ament_index/resource_index/packages/ros2_roboclaw_driver
-- Symlinking: /source/ros2_roboclaw_driver/install/ros2_roboclaw_driver/share/ros2_roboclaw_driver/cmake/rosidl_cmake-extras.cmake
-- Symlinking: /source/ros2_roboclaw_driver/install/ros2_roboclaw_driver/share/ros2_roboclaw_driver/cmake/ament_cmake_export_include_directories-extras.cmake
-- Symlinking: /source/ros2_roboclaw_driver/install/ros2_roboclaw_driver/share/ros2_roboclaw_driver/cmake/ament_cmake_export_libraries-extras.cmake
-- Symlinking: /source/ros2_roboclaw_driver/install/ros2_roboclaw_driver/share/ros2_roboclaw_driver/cmake/ament_cmake_export_targets-extras.cmake
-- Symlinking: /source/ros2_roboclaw_driver/install/ros2_roboclaw_driver/share/ros2_roboclaw_driver/cmake/rosidl_cmake_export_typesupport_targets-extras.cmake
-- Symlinking: /source/ros2_roboclaw_driver/install/ros2_roboclaw_driver/share/ros2_roboclaw_driver/cmake/ament_cmake_export_dependencies-extras.cmake
-- Symlinking: /source/ros2_roboclaw_driver/install/ros2_roboclaw_driver/share/ros2_roboclaw_driver/cmake/rosidl_cmake_export_typesupport_libraries-extras.cmake
-- Symlinking: /source/ros2_roboclaw_driver/install/ros2_roboclaw_driver/share/ros2_roboclaw_driver/cmake/ros2_roboclaw_driverConfig.cmake
-- Symlinking: /source/ros2_roboclaw_driver/install/ros2_roboclaw_driver/share/ros2_roboclaw_driver/cmake/ros2_roboclaw_driverConfig-version.cmake
-- Symlinking: /source/ros2_roboclaw_driver/install/ros2_roboclaw_driver/share/ros2_roboclaw_driver/package.xml
-- Installing: /source/ros2_roboclaw_driver/install/ros2_roboclaw_driver/lib/libros2_roboclaw_driver__rosidl_generator_c.so
-- Set runtime path of "/source/ros2_roboclaw_driver/install/ros2_roboclaw_driver/lib/libros2_roboclaw_driver__rosidl_generator_c.so" to ""
-- Installing: /source/ros2_roboclaw_driver/install/ros2_roboclaw_driver/lib/libros2_roboclaw_driver__rosidl_typesupport_fastrtps_c.so
-- Set runtime path of "/source/ros2_roboclaw_driver/install/ros2_roboclaw_driver/lib/libros2_roboclaw_driver__rosidl_typesupport_fastrtps_c.so" to ""
-- Installing: /source/ros2_roboclaw_driver/install/ros2_roboclaw_driver/lib/libros2_roboclaw_driver__rosidl_typesupport_fastrtps_cpp.so
-- Set runtime path of "/source/ros2_roboclaw_driver/install/ros2_roboclaw_driver/lib/libros2_roboclaw_driver__rosidl_typesupport_fastrtps_cpp.so" to ""
-- Installing: /source/ros2_roboclaw_driver/install/ros2_roboclaw_driver/lib/libros2_roboclaw_driver__rosidl_typesupport_introspection_c.so
-- Set runtime path of "/source/ros2_roboclaw_driver/install/ros2_roboclaw_driver/lib/libros2_roboclaw_driver__rosidl_typesupport_introspection_c.so" to ""
-- Installing: /source/ros2_roboclaw_driver/install/ros2_roboclaw_driver/lib/libros2_roboclaw_driver__rosidl_typesupport_c.so
-- Set runtime path of "/source/ros2_roboclaw_driver/install/ros2_roboclaw_driver/lib/libros2_roboclaw_driver__rosidl_typesupport_c.so" to ""
-- Installing: /source/ros2_roboclaw_driver/install/ros2_roboclaw_driver/lib/libros2_roboclaw_driver__rosidl_typesupport_introspection_cpp.so
-- Set runtime path of "/source/ros2_roboclaw_driver/install/ros2_roboclaw_driver/lib/libros2_roboclaw_driver__rosidl_typesupport_introspection_cpp.so" to ""
-- Installing: /source/ros2_roboclaw_driver/install/ros2_roboclaw_driver/lib/libros2_roboclaw_driver__rosidl_typesupport_cpp.so
-- Set runtime path of "/source/ros2_roboclaw_driver/install/ros2_roboclaw_driver/lib/libros2_roboclaw_driver__rosidl_typesupport_cpp.so" to ""
Listing '/source/ros2_roboclaw_driver/install/ros2_roboclaw_driver/local/lib/python3.10/dist-packages/ros2_roboclaw_driver'...
Compiling '/source/ros2_roboclaw_driver/install/ros2_roboclaw_driver/local/lib/python3.10/dist-packages/ros2_roboclaw_driver/__init__.py'...
Listing '/source/ros2_roboclaw_driver/install/ros2_roboclaw_driver/local/lib/python3.10/dist-packages/ros2_roboclaw_driver/msg'...
Compiling '/source/ros2_roboclaw_driver/install/ros2_roboclaw_driver/local/lib/python3.10/dist-packages/ros2_roboclaw_driver/msg/__init__.py'...
Compiling '/source/ros2_roboclaw_driver/install/ros2_roboclaw_driver/local/lib/python3.10/dist-packages/ros2_roboclaw_driver/msg/_robo_claw_status.py'...
Listing '/source/ros2_roboclaw_driver/install/ros2_roboclaw_driver/local/lib/python3.10/dist-packages/ros2_roboclaw_driver/srv'...
Compiling '/source/ros2_roboclaw_driver/install/ros2_roboclaw_driver/local/lib/python3.10/dist-packages/ros2_roboclaw_driver/srv/__init__.py'...
Compiling '/source/ros2_roboclaw_driver/install/ros2_roboclaw_driver/local/lib/python3.10/dist-packages/ros2_roboclaw_driver/srv/_reset_encoders.py'...
-- Installing: /source/ros2_roboclaw_driver/install/ros2_roboclaw_driver/lib/libros2_roboclaw_driver__rosidl_generator_py.so
-- Set runtime path of "/source/ros2_roboclaw_driver/install/ros2_roboclaw_driver/lib/libros2_roboclaw_driver__rosidl_generator_py.so" to ""
-- Installing: /source/ros2_roboclaw_driver/install/ros2_roboclaw_driver/share/ros2_roboclaw_driver/cmake/export_ros2_roboclaw_driver__rosidl_generator_cExport.cmake
-- Installing: /source/ros2_roboclaw_driver/install/ros2_roboclaw_driver/share/ros2_roboclaw_driver/cmake/export_ros2_roboclaw_driver__rosidl_generator_cExport-noconfig.cmake
-- Installing: /source/ros2_roboclaw_driver/install/ros2_roboclaw_driver/share/ros2_roboclaw_driver/cmake/export_ros2_roboclaw_driver__rosidl_typesupport_fastrtps_cExport.cmake
-- Installing: /source/ros2_roboclaw_driver/install/ros2_roboclaw_driver/share/ros2_roboclaw_driver/cmake/export_ros2_roboclaw_driver__rosidl_typesupport_fastrtps_cExport-noconfig.cmake
-- Installing: /source/ros2_roboclaw_driver/install/ros2_roboclaw_driver/share/ros2_roboclaw_driver/cmake/export_ros2_roboclaw_driver__rosidl_generator_cppExport.cmake
-- Installing: /source/ros2_roboclaw_driver/install/ros2_roboclaw_driver/share/ros2_roboclaw_driver/cmake/export_ros2_roboclaw_driver__rosidl_typesupport_fastrtps_cppExport.cmake
-- Installing: /source/ros2_roboclaw_driver/install/ros2_roboclaw_driver/share/ros2_roboclaw_driver/cmake/export_ros2_roboclaw_driver__rosidl_typesupport_fastrtps_cppExport-noconfig.cmake
-- Installing: /source/ros2_roboclaw_driver/install/ros2_roboclaw_driver/share/ros2_roboclaw_driver/cmake/ros2_roboclaw_driver__rosidl_typesupport_introspection_cExport.cmake
-- Installing: /source/ros2_roboclaw_driver/install/ros2_roboclaw_driver/share/ros2_roboclaw_driver/cmake/ros2_roboclaw_driver__rosidl_typesupport_introspection_cExport-noconfig.cmake
-- Installing: /source/ros2_roboclaw_driver/install/ros2_roboclaw_driver/share/ros2_roboclaw_driver/cmake/ros2_roboclaw_driver__rosidl_typesupport_cExport.cmake
-- Installing: /source/ros2_roboclaw_driver/install/ros2_roboclaw_driver/share/ros2_roboclaw_driver/cmake/ros2_roboclaw_driver__rosidl_typesupport_cExport-noconfig.cmake
-- Installing: /source/ros2_roboclaw_driver/install/ros2_roboclaw_driver/share/ros2_roboclaw_driver/cmake/ros2_roboclaw_driver__rosidl_typesupport_introspection_cppExport.cmake
-- Installing: /source/ros2_roboclaw_driver/install/ros2_roboclaw_driver/share/ros2_roboclaw_driver/cmake/ros2_roboclaw_driver__rosidl_typesupport_introspection_cppExport-noconfig.cmake
-- Installing: /source/ros2_roboclaw_driver/install/ros2_roboclaw_driver/share/ros2_roboclaw_driver/cmake/ros2_roboclaw_driver__rosidl_typesupport_cppExport.cmake
-- Installing: /source/ros2_roboclaw_driver/install/ros2_roboclaw_driver/share/ros2_roboclaw_driver/cmake/ros2_roboclaw_driver__rosidl_typesupport_cppExport-noconfig.cmake
-- Installing: /source/ros2_roboclaw_driver/install/ros2_roboclaw_driver/share/ros2_roboclaw_driver/cmake/export_ros2_roboclaw_driver__rosidl_generator_pyExport.cmake
-- Installing: /source/ros2_roboclaw_driver/install/ros2_roboclaw_driver/share/ros2_roboclaw_driver/cmake/export_ros2_roboclaw_driver__rosidl_generator_pyExport-noconfig.cmake
